<?xml version="1.0" encoding="UTF-8"?>
<!-- Generated by org.testng.reporters.JUnitXMLReporter -->
<testsuite ignored="0" hostname="SHREENIBAS" failures="0" tests="9" name="Default test" time="129.515" errors="0" timestamp="2025-09-21T21:39:03 IST">
  <testcase classname="com.toneop.care.HomePageTest" name="getTitle" time="0.183"/>
  <testcase classname="com.toneop.care.HomePageTest" name="getUrl" time="0.127"/>
  <testcase classname="com.toneop.care.HomePageTest" name="launchHomePage" time="0.004"/>
  <testcase classname="com.toneop.care.HomePageTest" name="verifyBestsellersBannersPromotionsFeaturedProductsDisplayed" time="6.682"/>
  <testcase classname="com.toneop.care.HomePageTest" name="verifyCartIconWorkingOrNotAndPageIsOpenOrNot" time="3.533"/>
  <testcase classname="com.toneop.care.HomePageTest" name="verifyNavigationMenuListsIsVisiableAndClickble" time="2.208"/>
  <testcase classname="com.toneop.care.HomePageTest" name="verifyProfileIconWorkingOrNotAndProfileModalIsOpenOrNot" time="2.322"/>
  <testcase classname="com.toneop.care.HomePageTest" name="verifyTooltipItemByEnteringProductOnSearchInput" time="10.422"/>
  <testcase classname="com.toneop.care.HomePageTest" name="verifyWhatsAppLinkWorkOrNot" time="7.088"/>
</testsuite> <!-- Default test -->
